<?xml version="1.0" encoding="UTF-8"?>
<testng-results ignored="0" total="1" passed="1" failed="0" skipped="0">
  <reporter-output>
  </reporter-output>
  <suite started-at="2023-07-29T12:42:09 IST" name="Default suite" finished-at="2023-07-29T12:42:22 IST" duration-ms="13433">
    <groups>
    </groups>
    <test started-at="2023-07-29T12:42:09 IST" name="Default test" finished-at="2023-07-29T12:42:22 IST" duration-ms="13433">
      <class name="com.ashish.restassured.Test2">
        <test-method signature="test_1()[pri:0, instance:com.ashish.restassured.Test2@51dcb805]" started-at="2023-07-29T12:42:09 IST" name="test_1" finished-at="2023-07-29T12:42:22 IST" duration-ms="13297" status="PASS">
          <reporter-output>
          </reporter-output>
        </test-method> <!-- test_1 -->
      </class> <!-- com.ashish.restassured.Test2 -->
    </test> <!-- Default test -->
  </suite> <!-- Default suite -->
</testng-results>
